<?xml version="1.0" encoding="utf-8"?><testsuites name="pytest tests"><testsuite name="pytest" errors="0" failures="0" skipped="0" tests="65" time="2.410" timestamp="2026-09-17T03:46:42.526848+00:00" hostname="localhost"><testcase classname="tests.test_catalog" name="test_live_empty_and_demo_separate" time="0.113" /><testcase classname="tests.test_catalog" name="test_exact_lookup_preserves_original" time="0.047" /><testcase classname="tests.test_catalog" name="test_unknown_code_not_substituted" time="0.038" /><testcase classname="tests.test_catalog" name="test_multiple_exact_codes" time="0.037" /><testcase classname="tests.test_catalog" name="test_situation_search" time="0.031" /><testcase classname="tests.test_catalog" name="test_after_within_warn" time="0.037" /><testcase classname="tests.test_catalog" name="test_same_text_without_context_not_confirmed" time="0.036" /><testcase classname="tests.test_catalog" name="test_exact_context_reuse_candidate" time="0.036" /><testcase classname="tests.test_catalog" name="test_retired_excluded_but_exact_visible" time="0.035" /><testcase classname="tests.test_catalog" name="test_basic_auth_required_for_data" time="0.051" /><testcase classname="tests.test_catalog" name="test_cross_site_mutation_denied" time="0.029" /><testcase classname="tests.test_catalog" name="test_untrusted_host_denied" time="0.027" /><testcase classname="tests.test_catalog" name="test_empty_and_invalid_search" time="0.029" /><testcase classname="tests.test_catalog" name="test_security_headers" time="0.026" /><testcase classname="tests.test_catalog" name="test_import_preview_commit_and_idempotency" time="0.037" /><testcase classname="tests.test_catalog" name="test_reimport_same_skipped" time="0.038" /><testcase classname="tests.test_catalog" name="test_conflict_cannot_silently_overwrite" time="0.041" /><testcase classname="tests.test_catalog" name="test_stale_import_rejected" time="0.038" /><testcase classname="tests.test_catalog" name="test_duplicate_code_inside_file_blocks_all" time="0.033" /><testcase classname="tests.test_catalog" name="test_duplicate_message_different_code_warns" time="0.033" /><testcase classname="tests.test_catalog" name="test_xlsx_provenance_and_literal_text" time="0.037" /><testcase classname="tests.test_catalog" name="test_formula_not_imported" time="0.031" /><testcase classname="tests.test_catalog" name="test_merged_identifier_not_fanned_out" time="0.028" /><testcase classname="tests.test_catalog" name="test_xml_entities_rejected" time="0.025" /><testcase classname="tests.test_catalog" name="test_manual_column_mapping" time="0.032" /><testcase classname="tests.test_catalog" name="test_unsupported_file_and_upload_limits" time="0.084" /><testcase classname="tests.test_catalog" name="test_unknown_status_rejected" time="0.039" /><testcase classname="tests.test_catalog" name="test_export_csv_formula_injection_protected" time="0.036" /><testcase classname="tests.test_catalog" name="test_filename_traversal_not_used_as_path" time="0.027" /><testcase classname="tests.test_catalog" name="test_same_code_can_exist_in_separate_catalog" time="0.041" /><testcase classname="tests.test_catalog" name="test_review_unknown_and_existing" time="0.031" /><testcase classname="tests.test_catalog" name="test_review_line_limit" time="0.025" /><testcase classname="tests.test_catalog" name="test_import_update_requires_selection_and_reason" time="0.042" /><testcase classname="tests.test_catalog" name="test_import_update_only_selected_codes" time="0.044" /><testcase classname="tests.test_catalog" name="test_import_cannot_update_code_outside_preview" time="0.030" /><testcase classname="tests.test_catalog" name="test_natural_search_does_not_claim_unspecified_condition_conflict" time="0.027" /><testcase classname="tests.test_search_ai" name="test_upstream_rrf_combines_by_rank" time="0.001" /><testcase classname="tests.test_search_ai" name="test_time_unit_normalization" time="0.000" /><testcase classname="tests.test_search_ai" name="test_swapped_number_conditions_not_equated" time="0.000" /><testcase classname="tests.test_search_ai" name="test_placeholders_preserved" time="0.001" /><testcase classname="tests.test_search_ai" name="test_negation_difference_flagged" time="0.000" /><testcase classname="tests.test_search_ai" name="test_external_ai_requires_consent" time="0.001" /><testcase classname="tests.test_search_ai" name="test_no_external_calls_in_basic_search" time="0.028" /><testcase classname="tests.test_search_ai" name="test_ai_draft_disabled_preserves_original" time="0.001" /><testcase classname="tests.test_search_ai" name="test_ai_cannot_change_conditions" time="0.001" /><testcase classname="tests.test_search_ai" name="test_ai_cannot_invent_code" time="0.001" /><testcase classname="tests.test_search_ai" name="test_ai_valid_rewording" time="0.001" /><testcase classname="tests.test_search_ai" name="test_embeddings_validate_nan" time="0.001" /><testcase classname="tests.test_search_ai" name="test_embedding_index_and_refresh" time="0.039" /><testcase classname="tests.test_search_ai" name="test_ai_failure_falls_back_to_basic" time="0.040" /><testcase classname="tests.test_workflow" name="test_draft_has_no_code_and_does_not_register" time="0.041" /><testcase classname="tests.test_workflow" name="test_excel_authority_prevents_number_issuance" time="0.036" /><testcase classname="tests.test_workflow" name="test_handoff_is_not_registration" time="0.035" /><testcase classname="tests.test_workflow" name="test_system_registration_is_idempotent" time="0.042" /><testcase classname="tests.test_workflow" name="test_code_conflict_returns_409" time="0.044" /><testcase classname="tests.test_workflow" name="test_duplicate_requires_ack" time="0.046" /><testcase classname="tests.test_workflow" name="test_auto_numbering_requires_explicit_rule" time="0.040" /><testcase classname="tests.test_workflow" name="test_stale_catalog_recheck" time="0.042" /><testcase classname="tests.test_workflow" name="test_revision_requires_current_source" time="0.052" /><testcase classname="tests.test_workflow" name="test_retirement_revision_checked" time="0.045" /><testcase classname="tests.test_workflow" name="test_live_excel_status_not_changed" time="0.036" /><testcase classname="tests.test_workflow" name="test_parallel_registration_no_duplicate_numbers" time="0.051" /><testcase classname="tests.test_workflow" name="test_audit_contains_old_new" time="0.045" /><testcase classname="tests.test_workflow" name="test_demo_approval_is_separate_from_live_authority" time="0.043" /><testcase classname="tests.test_workflow" name="test_blank_or_invalid_drafts" time="0.031" /></testsuite></testsuites>