<?xml version="1.0" encoding="utf-8"?><testsuites name="pytest tests"><testsuite name="pytest" errors="0" failures="0" skipped="0" tests="83" time="2.070" timestamp="2026-09-18T07:32:04.837918+00:00" hostname="localhost"><testcase classname="integration_tests.test_api" name="test_auth_required[/status]" time="0.093" /><testcase classname="integration_tests.test_api" name="test_auth_required[/codes]" time="0.035" /><testcase classname="integration_tests.test_api" name="test_auth_required[/threads]" time="0.032" /><testcase classname="integration_tests.test_api" name="test_auth_required[/drafts]" time="0.034" /><testcase classname="integration_tests.test_api" name="test_auth_required[/audit]" time="0.030" /><testcase classname="integration_tests.test_api" name="test_auth_required[/export]" time="0.032" /><testcase classname="integration_tests.test_api" name="test_exact_api_returns_original" time="0.036" /><testcase classname="integration_tests.test_api" name="test_code_unknown_404" time="0.040" /><testcase classname="integration_tests.test_api" name="test_bad_code_422" time="0.031" /><testcase classname="integration_tests.test_api" name="test_real_api_transaction_conversation" time="0.044" /><testcase classname="integration_tests.test_api" name="test_request_cannot_spoof_actor_or_action" time="0.038" /><testcase classname="integration_tests.test_api" name="test_empty_request_validation" time="0.042" /><testcase classname="integration_tests.test_api" name="test_user_cannot_upload" time="0.033" /><testcase classname="integration_tests.test_api" name="test_real_import_preview_commit_api" time="0.047" /><testcase classname="integration_tests.test_api" name="test_bad_mapping_422[[]]" time="0.034" /><testcase classname="integration_tests.test_api" name="test_bad_mapping_422[{&quot;Sheet1&quot;:[]}]" time="0.039" /><testcase classname="integration_tests.test_api" name="test_bad_mapping_422[not json]" time="0.030" /><testcase classname="integration_tests.test_api" name="test_malformed_xlsx_422" time="0.032" /><testcase classname="integration_tests.test_api" name="test_template_real_xlsx_parser" time="0.209" /><testcase classname="integration_tests.test_api" name="test_large_upload_blocked" time="0.076" /><testcase classname="integration_tests.test_api" name="test_user_admin_endpoints_denied" time="0.036" /><testcase classname="integration_tests.test_api" name="test_queue_failure_is_not_fake_success" time="0.037" /><testcase classname="integration_tests.test_api" name="test_export_format" time="0.044" /><testcase classname="integration_tests.test_api" name="test_no_user_data_in_other_user_draft_list" time="0.050" /><testcase classname="integration_tests.test_deploy_patches" name="test_cache_and_model_patch" time="0.004" /><testcase classname="integration_tests.test_deploy_patches" name="test_patch_fails_closed_when_reapplied" time="0.003" /><testcase classname="integration_tests.test_deploy_patches" name="test_delete_orders_keyword_cleanup_before_db" time="0.004" /><testcase classname="integration_tests.test_deploy_patches" name="test_evaluation_authenticated_internal_http_and_failure[200]" time="0.005" /><testcase classname="integration_tests.test_deploy_patches" name="test_evaluation_authenticated_internal_http_and_failure[401]" time="0.004" /><testcase classname="integration_tests.test_deploy_patches" name="test_evaluation_authenticated_internal_http_and_failure[503]" time="0.004" /><testcase classname="integration_tests.test_deploy_patches" name="test_evaluation_rejects_missing_identity" time="0.004" /><testcase classname="integration_tests.test_deploy_patches" name="test_frontend_sidebar_extension_keeps_original_items" time="0.028" /><testcase classname="integration_tests.test_domain" name="test_exact_lookup_no_llm" time="0.019" /><testcase classname="integration_tests.test_domain" name="test_unknown_id_is_not_generated" time="0.016" /><testcase classname="integration_tests.test_domain" name="test_retired_visible_on_exact_only" time="0.016" /><testcase classname="integration_tests.test_domain" name="test_thread_is_private" time="0.016" /><testcase classname="integration_tests.test_domain" name="test_replay_exactly_once" time="0.019" /><testcase classname="integration_tests.test_domain" name="test_replay_different_input_rejected" time="0.018" /><testcase classname="integration_tests.test_domain" name="test_stale_conversation_version" time="0.028" /><testcase classname="integration_tests.test_domain" name="test_conversation_search_compare_draft_approve" time="0.026" /><testcase classname="integration_tests.test_domain" name="test_missing_ordinal_rejected" time="0.015" /><testcase classname="integration_tests.test_domain" name="test_stale_candidate_rejected" time="0.016" /><testcase classname="integration_tests.test_domain" name="test_missing_comparison_requests_wording" time="0.015" /><testcase classname="integration_tests.test_domain" name="test_llm_cannot_invent_existing_code" time="0.013" /><testcase classname="integration_tests.test_domain" name="test_generated_draft_does_not_register" time="0.017" /><testcase classname="integration_tests.test_domain" name="test_model_failure_leaves_no_partial_thread_or_draft" time="0.013" /><testcase classname="integration_tests.test_domain" name="test_live_catalog_change_before_commit_rejected" time="0.013" /><testcase classname="integration_tests.test_domain" name="test_generated_constraints_guard[30\ucd08 \uc774\ud6c4 \uc778\uc99d \uc548\ub0b4-30\ucd08 \uc774\ub0b4\uc5d0 \uc778\uc99d\ud574\uc8fc\uc138\uc694.]" time="0.000" /><testcase classname="integration_tests.test_domain" name="test_generated_constraints_guard[30\ucd08 \uc774\ud6c4 \uc778\uc99d-60\ucd08 \uc774\ud6c4\uc5d0 \uc778\uc99d\ud574\uc8fc\uc138\uc694.]" time="0.000" /><testcase classname="integration_tests.test_domain" name="test_generated_constraints_guard[\uc778\uc99d \uc548\ub0b4-AT-3000\uc744 \uc0ac\uc6a9\ud558\uc138\uc694.]" time="0.000" /><testcase classname="integration_tests.test_domain" name="test_generated_constraints_guard[{seconds}\ucd08 \uc778\uc99d-30\ucd08 \uc774\ud6c4 \uc778\uc99d\ud574\uc8fc\uc138\uc694.]" time="0.000" /><testcase classname="integration_tests.test_domain" name="test_generated_constraints_guard[\uc778\uc99d \ubd88\uac00-\uc778\uc99d\ud574\uc8fc\uc138\uc694.]" time="0.000" /><testcase classname="integration_tests.test_domain" name="test_import_preview_does_not_write" time="0.006" /><testcase classname="integration_tests.test_domain" name="test_import_preserves_original_whitespace" time="0.014" /><testcase classname="integration_tests.test_domain" name="test_import_conflict_not_overwritten" time="0.015" /><testcase classname="integration_tests.test_domain" name="test_conflict_reason_required" time="0.012" /><testcase classname="integration_tests.test_domain" name="test_import_no_deletion_of_missing_codes" time="0.013" /><testcase classname="integration_tests.test_domain" name="test_import_owner_isolation" time="0.020" /><testcase classname="integration_tests.test_domain" name="test_non_admin_cannot_import" time="0.005" /><testcase classname="integration_tests.test_domain" name="test_bad_upload_headers_and_duplicates" time="0.007" /><testcase classname="integration_tests.test_domain" name="test_nonadmin_cannot_approve" time="0.016" /><testcase classname="integration_tests.test_domain" name="test_approve_collision_rolls_back" time="0.016" /><testcase classname="integration_tests.test_domain" name="test_approval_requires_external_confirmation" time="0.018" /><testcase classname="integration_tests.test_domain" name="test_recheck_draft_after_catalog_change" time="0.024" /><testcase classname="integration_tests.test_domain" name="test_rule_after_within" time="0.012" /><testcase classname="integration_tests.test_domain" name="test_standalone_invalid_code_returns_domain_error" time="0.011" /><testcase classname="integration_tests.test_domain" name="test_invalid_embeddings_never_publish[vectors0-1]" time="0.000" /><testcase classname="integration_tests.test_domain" name="test_invalid_embeddings_never_publish[vectors1-1]" time="0.000" /><testcase classname="integration_tests.test_domain" name="test_invalid_embeddings_never_publish[vectors2-1]" time="0.000" /><testcase classname="integration_tests.test_domain" name="test_valid_embedding_shape" time="0.000" /><testcase classname="integration_tests.test_domain" name="test_retry_count_not_mistaken_for_candidate_ordinal" time="0.016" /><testcase classname="integration_tests.test_domain" name="test_planner_cannot_invent_user_proposal" time="0.014" /><testcase classname="integration_tests.test_domain" name="test_user_quoted_draft_is_preserved" time="0.018" /><testcase classname="integration_tests.test_domain" name="test_explanation_keeps_original_search_candidate_order" time="0.019" /><testcase classname="integration_tests.test_upstream_adapter" name="test_structured_original_llm_call_and_cleanup" time="0.012" /><testcase classname="integration_tests.test_upstream_adapter" name="test_bad_json_closes_client_without_save[not JSON]" time="0.011" /><testcase classname="integration_tests.test_upstream_adapter" name="test_bad_json_closes_client_without_save[None]" time="0.010" /><testcase classname="integration_tests.test_upstream_adapter" name="test_bad_json_closes_client_without_save[{}]" time="0.027" /><testcase classname="integration_tests.test_upstream_adapter" name="test_catalogue_requires_current_index" time="0.013" /><testcase classname="integration_tests.test_upstream_adapter" name="test_empty_catalogue_makes_no_upstream_call" time="0.006" /><testcase classname="integration_tests.test_upstream_adapter" name="test_full_orchestrator_and_snapshot_scoped_engines" time="0.015" /><testcase classname="integration_tests.test_upstream_adapter" name="test_configured_model_used_not_hardcoded" time="0.011" /><testcase classname="integration_tests.test_upstream_adapter" name="test_provider_failure_does_not_expose_secret_response" time="0.011" /></testsuite></testsuites>